
(nm-applet:9249): nm-applet-WARNING **: GDBus.Error:org.freedesktop.NetworkManager.AgentManager.PermissionDenied: An agent with this ID is already registered for this user.
Gtk-Message: GtkDialog mapped without a transient parent. This is discouraged.
polybar|warn:  Termination signal received, shutting down...
polybar|warn:  Termination signal received, shutting down...
polybar|error: Disabling module "wired" (reason: <connection-icon> is not a valid format tag for "format-connected")
polybar|warn:  Termination signal received, shutting down...
Gdk-Message: nm-applet: Fatal IO error 11 (Ресурс временно недоступен) on X server :0.0.

Gdk-Message: volumeicon: Fatal IO error 11 (Ресурс временно недоступен) on X server :0.0.

polybar|warn:  No monitor specified, using "VGA-1"
polybar|error: Invalid _XEMBED_INFO for window 0x24004d2
polybar|error: Invalid _XEMBED_INFO for window 0x44000a4
polybar|warn:  Termination signal received, shutting down...
polybar|warn:  No monitor specified, using "VGA-1"
polybar|error: Invalid _XEMBED_INFO for window 0x24004f4
polybar|error: Invalid _XEMBED_INFO for window 0x44000e8
polybar|warn:  Termination signal received, shutting down...
polybar|warn:  No monitor specified, using "VGA-1"
polybar|error: Invalid _XEMBED_INFO for window 0x240050e
polybar|error: Invalid _XEMBED_INFO for window 0x4400113
polybar|warn:  Termination signal received, shutting down...
polybar|warn:  No monitor specified, using "VGA-1"
polybar|error: Invalid _XEMBED_INFO for window 0x2400528
polybar|error: Invalid _XEMBED_INFO for window 0x440014d
polybar|warn:  Termination signal received, shutting down...
polybar|warn:  No monitor specified, using "VGA-1"
polybar|error: Invalid _XEMBED_INFO for window 0x4400196
polybar|error: Invalid _XEMBED_INFO for window 0x2400541
polybar|warn:  Termination signal received, shutting down...
polybar|warn:  No monitor specified, using "VGA-1"
polybar|error: Invalid _XEMBED_INFO for window 0x240055b
polybar|error: Invalid _XEMBED_INFO for window 0x44001d5
polybar|warn:  Termination signal received, shutting down...
